<?xml version="1.0" encoding="UTF-8" standalone="no"?>
<beans xmlns="http://www.springframework.org/schema/beans"
	   xmlns:xsi="http://www.w3.org/2001/XMLSchema-instance"
	   xmlns:tx="http://www.springframework.org/schema/tx" xmlns:context="http://www.springframework.org/schema/context" xmlns:aop="http://www.springframework.org/schema/aop" xmlns:jdbc="http://www.springframework.org/schema/jdbc"
	   xsi:schemaLocation="http://www.springframework.org/schema/context http://www.springframework.org/schema/context/spring-context-3.1.xsd
     http://www.springframework.org/schema/beans http://www.springframework.org/schema/beans/spring-beans-3.1.xsd
     http://www.springframework.org/schema/tx http://www.springframework.org/schema/tx/spring-tx-3.1.xsd http://www.springframework.org/schema/aop http://www.springframework.org/schema/aop/spring-aop-2.0.xsd http://www.springframework.org/schema/jdbc http://www.springframework.org/schema/jdbc/spring-jdbc.xsd">

	<!--<context:component-scan base-package="ru.md.persistence, ru.masterdm.spo.service"/>-->

	<tx:annotation-driven/>

	<!--
	The DataSource (jdbc.loans.dataSource)  is defined in the projects that will use this lib.. like web !
	For our unit tests it's defined in our test-application-config.xml
	-->

	<bean id="transactionManager" class="org.springframework.jdbc.datasource.DataSourceTransactionManager">
		<property name="dataSource" ref="jdbc.loans.dataSource"/>
	</bean>

    <!--<bean id="sqlSessionFactory" class="org.mybatis.spring.SqlSessionFactoryBean">
        <property name="dataSource" ref="jdbc.loans.dataSource"/>
        <property name="typeAliasesPackage" value="ru.md.domain.pipeline"/>
    </bean>

    <bean class="org.mybatis.spring.mapper.MapperScannerConfigurer">
        <property name="basePackage" value="ru.md.persistence"/>
        <property name="sqlSessionFactoryBeanName" value="sqlSessionFactory"/>
    </bean>-->

	<!-- define the SqlSessionFactory -->
	<bean id="sqlSessionFactory" class="org.mybatis.spring.SqlSessionFactoryBean">
		<property name="dataSource" ref="jdbc.loans.dataSource" />
		<property name="typeAliasesPackage" value="ru.md.domain" />
		<property name="configLocation" value="classpath:mybatis-db-config.xml" />
		<property name="mapperLocations" value="classpath:ru/md/persistence/**/*.xml" />
		<!--<property name="transactionFactory">
			<bean class="org.apache.ibatis.transaction.managed.ManagedTransactionFactory" />
		</property>-->
	</bean>

	<!-- scan for mappers and let them be autowired -->
	<bean class="org.mybatis.spring.mapper.MapperScannerConfigurer">
		<property name="basePackage" value="ru.md.persistence" />
	</bean>

	<!-- Scans within the base package of the application for @Components to configure as beans -->
	<!-- @Controller, @Service, @Configuration, etc. -->
	<context:component-scan base-package="ru.masterdm.spo" />

</beans>